d:\git仓库\topology\topology\debug\topology.pch
d:\git仓库\topology\topology\debug\vc141.pdb
d:\git仓库\topology\topology\debug\vc141.idb
d:\git仓库\topology\topology\debug\stdafx.obj
d:\git仓库\topology\topology\debug\topology.obj
d:\git仓库\topology\topology\debug\main.obj
d:\git仓库\topology\topology\debug\spf.obj
d:\git仓库\topology\topology\debug\read.obj
d:\git仓库\topology\topology\debug\menu.obj
d:\git仓库\topology\topology\debug\file.obj
d:\git仓库\topology\topology\debug\delete.obj
d:\git仓库\topology\topology\debug\add.obj
d:\git仓库\topology\debug\topology.exe
d:\git仓库\topology\debug\topology.ilk
d:\git仓库\topology\debug\topology.pdb
d:\git仓库\topology\topology\debug\topology.tlog\cl.command.1.tlog
d:\git仓库\topology\topology\debug\topology.tlog\cl.read.1.tlog
d:\git仓库\topology\topology\debug\topology.tlog\cl.write.1.tlog
d:\git仓库\topology\topology\debug\topology.tlog\link.command.1.tlog
d:\git仓库\topology\topology\debug\topology.tlog\link.read.1.tlog
d:\git仓库\topology\topology\debug\topology.tlog\link.write.1.tlog
